<?xml version="1.0" encoding="UTF-8"?>
<!-- Generated by org.testng.reporters.JUnitReportReporter -->
<testsuite skipped="0" hostname="Sorowar-Windows-Laptop-01" name="com.crm.qa.testcases.ContactsPageTest" tests="7" failures="0" timestamp="30 Nov 2017 23:22:44 GMT" time="67.420" errors="0">
  <testcase name="verifyContactsPageLabel" time="7.443" classname="com.crm.qa.testcases.ContactsPageTest"/>
  <testcase name="selectSingleContactTest" time="7.501" classname="com.crm.qa.testcases.ContactsPageTest"/>
  <testcase name="selectMultippleContactTest" time="10.420" classname="com.crm.qa.testcases.ContactsPageTest"/>
  <testcase name="validateCreateNewContact" time="9.866" classname="com.crm.qa.testcases.ContactsPageTest"/>
  <testcase name="validateCreateNewContact" time="11.965" classname="com.crm.qa.testcases.ContactsPageTest"/>
  <testcase name="validateCreateNewContact" time="10.270" classname="com.crm.qa.testcases.ContactsPageTest"/>
  <testcase name="validateCreateNewContact" time="9.955" classname="com.crm.qa.testcases.ContactsPageTest"/>
</testsuite> <!-- com.crm.qa.testcases.ContactsPageTest -->
