<?xml version="1.0" encoding="UTF-8"?>
<!-- Generated by org.testng.reporters.JUnitReportReporter -->
<testsuite skipped="0" hostname="Sorowar-Windows-Laptop-01" name="com.crm.qa.testcases.LoginPageTest" tests="3" failures="0" timestamp="25 Oct 2017 20:46:46 GMT" time="21.464" errors="0">
  <testcase name="crmLogoTest" time="6.258" classname="com.crm.qa.testcases.LoginPageTest"/>
  <testcase name="loginTest" time="7.694" classname="com.crm.qa.testcases.LoginPageTest"/>
  <testcase name="loginPageTitleTest" time="7.512" classname="com.crm.qa.testcases.LoginPageTest"/>
</testsuite> <!-- com.crm.qa.testcases.LoginPageTest -->
