<?xml version="1.0" encoding="UTF-8"?>
<!-- Generated by org.testng.reporters.JUnitReportReporter -->
<testsuite skipped="0" hostname="Sorowar-Windows-Laptop-01" name="com.crm.qa.testcases.ContactsPageTest" tests="7" failures="0" timestamp="25 Oct 2017 20:46:45 GMT" time="76.466" errors="0">
  <testcase name="verifyContactsPageLabel" time="8.269" classname="com.crm.qa.testcases.ContactsPageTest"/>
  <testcase name="selectSingleContactTest" time="9.335" classname="com.crm.qa.testcases.ContactsPageTest"/>
  <testcase name="selectMultippleContactTest" time="9.379" classname="com.crm.qa.testcases.ContactsPageTest"/>
  <testcase name="validateCreateNewContact" time="11.989" classname="com.crm.qa.testcases.ContactsPageTest"/>
  <testcase name="validateCreateNewContact" time="13.638" classname="com.crm.qa.testcases.ContactsPageTest"/>
  <testcase name="validateCreateNewContact" time="12.275" classname="com.crm.qa.testcases.ContactsPageTest"/>
  <testcase name="validateCreateNewContact" time="11.581" classname="com.crm.qa.testcases.ContactsPageTest"/>
</testsuite> <!-- com.crm.qa.testcases.ContactsPageTest -->
