<?xml version="1.0" encoding="UTF-8"?>
<!-- Generated by org.testng.reporters.JUnitReportReporter -->
<testsuite skipped="0" hostname="Sorowar-Windows-Laptop-01" name="com.crm.qa.testcases.HomePageTest" tests="4" failures="0" timestamp="30 Nov 2017 23:22:44 GMT" time="31.804" errors="0">
  <testcase name="verifyhomePageTitleTest" time="6.557" classname="com.crm.qa.testcases.HomePageTest"/>
  <testcase name="verifyUserLabelTest" time="10.619" classname="com.crm.qa.testcases.HomePageTest"/>
  <testcase name="verifyContactsLinkTest" time="7.274" classname="com.crm.qa.testcases.HomePageTest"/>
  <testcase name="verifyDealsLinkTest" time="7.354" classname="com.crm.qa.testcases.HomePageTest"/>
</testsuite> <!-- com.crm.qa.testcases.HomePageTest -->
