<?xml version="1.0" encoding="UTF-8"?>
<!-- Generated by org.testng.reporters.JUnitReportReporter -->
<testsuite skipped="0" hostname="Sorowar-Windows-Laptop-01" name="com.crm.qa.testcases.LoginPageTest" tests="3" failures="0" timestamp="30 Nov 2017 23:22:44 GMT" time="22.361" errors="0">
  <testcase name="crmLogoTest" time="5.100" classname="com.crm.qa.testcases.LoginPageTest"/>
  <testcase name="loginTest" time="8.023" classname="com.crm.qa.testcases.LoginPageTest"/>
  <testcase name="loginPageTitleTest" time="9.238" classname="com.crm.qa.testcases.LoginPageTest"/>
</testsuite> <!-- com.crm.qa.testcases.LoginPageTest -->
