<?xml version="1.0" encoding="UTF-8"?>
<!-- Generated by org.testng.reporters.JUnitReportReporter -->
<testsuite skipped="0" hostname="Sorowar-Windows-Laptop-01" name="com.crm.qa.testcases.HomePageTest" tests="4" failures="0" timestamp="01 Dec 2017 01:23:56 GMT" time="36.710" errors="0">
  <testcase name="verifyhomePageTitleTest" time="7.084" classname="com.crm.qa.testcases.HomePageTest"/>
  <testcase name="verifyUserLabelTest" time="9.907" classname="com.crm.qa.testcases.HomePageTest"/>
  <testcase name="verifyContactsLinkTest" time="9.709" classname="com.crm.qa.testcases.HomePageTest"/>
  <testcase name="verifyDealsLinkTest" time="10.010" classname="com.crm.qa.testcases.HomePageTest"/>
</testsuite> <!-- com.crm.qa.testcases.HomePageTest -->
