<?xml version="1.0" encoding="UTF-8"?>
<!-- Generated by org.testng.reporters.JUnitReportReporter -->
<testsuite skipped="0" hostname="Sorowar-Windows-Laptop-01" name="com.crm.qa.testcases.LoginPageTest" tests="3" failures="0" timestamp="01 Dec 2017 01:23:56 GMT" time="20.809" errors="0">
  <testcase name="crmLogoTest" time="5.298" classname="com.crm.qa.testcases.LoginPageTest"/>
  <testcase name="loginTest" time="6.686" classname="com.crm.qa.testcases.LoginPageTest"/>
  <testcase name="loginPageTitleTest" time="8.825" classname="com.crm.qa.testcases.LoginPageTest"/>
</testsuite> <!-- com.crm.qa.testcases.LoginPageTest -->
